=== DAILY SUMMARIES ===
    date    | steps | heart_rate | sleep_minutes | calories | distance | active_minutes 
------------+-------+------------+---------------+----------+----------+----------------
 2025-05-26 |     0 |          0 |             0 |     1352 |        0 |              0
 2025-05-25 | 12635 |         68 |             0 |     2133 |   8.5845 |             37
 2025-05-24 |  6772 |         69 |             0 |     1891 |   4.6485 |              0
 2025-05-23 | 11076 |         67 |           421 |     2177 |    7.183 |              6
 2025-05-22 | 12701 |         67 |             0 |     2000 |   8.6996 |             37
 2025-05-21 | 20124 |         69 |             0 |     2610 |  13.5284 |              5
 2025-05-20 | 14222 |         68 |             0 |     2145 |   9.2391 |             15
 2025-05-19 |     0 |          0 |             0 |     1352 |        0 |              0
 2025-05-18 |     0 |          0 |             0 |     1352 |        0 |              0
 2025-05-17 |     0 |          0 |             0 |     1352 |        0 |              0
 2025-05-16 |     0 |          0 |             0 |     1352 |        0 |              0
 2025-05-15 |     0 |          0 |             0 |     1352 |        0 |              0
 2025-05-14 |  3979 |          0 |             0 |     1352 |        0 |              0
 2025-05-13 |  2092 |         67 |             0 |     1362 |   0.0346 |              0
 2025-05-12 |  3948 |         68 |             0 |     1685 |   2.7967 |              0
 2025-05-11 |     0 |          0 |             0 |     1352 |        0 |              0
 2025-05-10 |     0 |          0 |             0 |     1352 |        0 |              0
 2025-05-09 |     0 |          0 |             0 |     1352 |        0 |              0
 2025-05-08 |   540 |          0 |             0 |     1352 |        0 |              0
 2025-05-07 | 14780 |         70 |             0 |     2054 |   7.5327 |             28
 2025-05-06 | 13199 |          0 |             0 |     2008 |    8.873 |             46
 2025-05-05 |  9328 |         69 |             0 |     1969 |   6.2184 |             23
 2025-05-04 |  5108 |         68 |             0 |     1675 |   3.5226 |             28
 2025-05-03 |  1935 |         68 |             0 |     1504 |   1.2898 |              0
 2025-05-02 |  6228 |         67 |             0 |     1874 |   4.2383 |              0
 2025-05-01 |   592 |          0 |             0 |     1411 |    0.413 |              0
 2025-04-30 |  4156 |          0 |             0 |     1660 |   2.8144 |              0
 2025-04-29 | 12900 |         66 |             0 |     2427 |   8.5899 |              9
 2025-04-28 | 10592 |          0 |             0 |     2089 |   6.9726 |              7
 2025-04-27 | 17705 |          0 |             0 |     2326 |  12.1829 |             77
(30 rows)


=== INTRADAY METRICS ===
 time | type | value 
------+------+-------
(0 rows)

